<?xml version="1.0" encoding="UTF-8"?>
<beans xmlns="http://www.springframework.org/schema/beans"
       xmlns:xsi="http://www.w3.org/2001/XMLSchema-instance"
       xsi:schemaLocation="http://www.springframework.org/schema/beans
        http://www.springframework.org/schema/beans/spring-beans.xsd">

    <bean id="dataSource"
          class="ru.hh.diexample.springxml.SpringXMLTestBase"
          factory-method="createEmbeddedDatabase"
          destroy-method="shutdown"/>
    <!-- notice destroy-method="", guice does not allow this, but there is a workaround -->

    <import resource="common-beans.xml"/>

</beans>
